{
  "RSpec": {
    "coverage": {
      "/Users/drewtunney/dev/bit_trade/config/environment.rb": [
        null,
        1,
        null,
        null,
        1
      ],
      "/Users/drewtunney/dev/bit_trade/config/application.rb": [
        1,
        null,
        1,
        null,
        null,
        null,
        1,
        null,
        1,
        1,
        null,
        null,
        null,
        null,
        null,
        null,
        null,
        null,
        null,
        null,
        null,
        null,
        null
      ],
      "/Users/drewtunney/dev/bit_trade/config/boot.rb": [
        null,
        1,
        null,
        1
      ],
      "/Users/drewtunney/dev/bit_trade/config/environments/test.rb": [
        1,
        null,
        null,
        null,
        null,
        null,
        null,
        1,
        null,
        null,
        null,
        null,
        1,
        null,
        null,
        1,
        1,
        null,
        null,
        1,
        1,
        null,
        null,
        1,
        null,
        null,
        1,
        null,
        null,
        null,
        null,
        1,
        null,
        null,
        1,
        null
      ],
      "/Users/drewtunney/dev/bit_trade/config/initializers/backtrace_silencers.rb": [
        null,
        null,
        null,
        null,
        null,
        null,
        null
      ],
      "/Users/drewtunney/dev/bit_trade/config/initializers/filter_parameter_logging.rb": [
        null,
        null,
        null,
        1
      ],
      "/Users/drewtunney/dev/bit_trade/config/initializers/inflections.rb": [
        null,
        null,
        null,
        null,
        null,
        null,
        null,
        null,
        null,
        null,
        null,
        null,
        null,
        null,
        null,
        null
      ],
      "/Users/drewtunney/dev/bit_trade/config/initializers/mime_types.rb": [
        null,
        null,
        null,
        null,
        null
      ],
      "/Users/drewtunney/dev/bit_trade/config/initializers/omniauth.rb": [
        1,
        null,
        1,
        1,
        null
      ],
      "/Users/drewtunney/dev/bit_trade/config/initializers/secret_token.rb": [
        null,
        null,
        null,
        null,
        null,
        null,
        null,
        null,
        null,
        null,
        null,
        1
      ],
      "/Users/drewtunney/dev/bit_trade/config/initializers/session_store.rb": [
        null,
        null,
        1
      ],
      "/Users/drewtunney/dev/bit_trade/config/initializers/wrap_parameters.rb": [
        null,
        null,
        null,
        null,
        null,
        null,
        1,
        1,
        null,
        null,
        null,
        null,
        null,
        null
      ],
      "/Users/drewtunney/dev/bit_trade/spec/factories/transaction.rb": [
        1,
        1,
        1,
        1,
        1,
        1,
        1,
        null,
        null
      ],
      "/Users/drewtunney/dev/bit_trade/spec/factories/user.rb": [
        1,
        1,
        3,
        3,
        1,
        1,
        null,
        null
      ],
      "/Users/drewtunney/dev/bit_trade/config/routes.rb": [
        1,
        null,
        1,
        1,
        null,
        null,
        1,
        1,
        1,
        1,
        null,
        1,
        null,
        null,
        null
      ],
      "/Users/drewtunney/dev/bit_trade/app/helpers/application_helper.rb": [
        1,
        null
      ],
      "/Users/drewtunney/dev/bit_trade/app/helpers/buy_helper.rb": [
        1,
        null,
        1,
        0,
        0,
        0,
        0,
        0,
        0,
        null,
        null,
        0,
        0,
        null,
        0,
        null,
        null,
        0,
        0,
        null,
        0,
        null,
        null,
        null,
        0,
        0,
        0,
        null,
        null,
        null,
        0,
        0,
        0,
        null,
        null,
        0,
        0,
        0,
        null,
        null,
        null,
        0,
        0,
        0,
        null,
        null,
        0,
        0,
        0,
        null,
        null,
        0,
        0,
        0,
        null,
        null,
        0,
        0,
        0,
        null,
        null,
        null,
        null,
        null
      ],
      "/Users/drewtunney/dev/bit_trade/app/helpers/price_helper.rb": [
        1,
        null,
        1,
        10,
        null,
        null,
        1,
        10,
        10,
        null,
        null,
        null
      ],
      "/Users/drewtunney/dev/bit_trade/spec/features/doge_spec.rb": [
        1,
        null,
        1,
        2,
        2,
        null,
        1,
        1,
        1,
        1,
        1,
        null,
        1,
        null,
        1,
        1,
        null,
        null,
        1,
        null,
        null,
        null,
        null,
        null,
        null,
        null,
        null,
        null,
        null,
        null
      ],
      "/Users/drewtunney/dev/bit_trade/spec/models/transaction_spec.rb": [
        1
      ],
      "/Users/drewtunney/dev/bit_trade/spec/models/user_spec.rb": [
        1
      ],
      "/Users/drewtunney/dev/bit_trade/app/models/user.rb": [
        1,
        null,
        1,
        1,
        null,
        1,
        null,
        1,
        6,
        null,
        null,
        1,
        6,
        null,
        null,
        1,
        2,
        null,
        null,
        1,
        4,
        4,
        null,
        null,
        1,
        4,
        null,
        null,
        null
      ],
      "/Users/drewtunney/dev/bit_trade/app/models/transaction.rb": [
        1,
        1,
        null,
        1,
        1,
        1,
        1,
        1,
        null,
        null
      ],
      "/Users/drewtunney/dev/bit_trade/app/controllers/welcome_controller.rb": [
        1,
        null,
        1,
        null,
        null,
        null
      ],
      "/Users/drewtunney/dev/bit_trade/app/controllers/application_controller.rb": [
        1,
        null,
        null,
        1,
        null,
        1,
        12,
        null,
        null,
        1,
        8,
        null,
        null,
        1,
        null,
        null
      ],
      "/Users/drewtunney/dev/bit_trade/app/controllers/users_controller.rb": [
        1,
        null,
        1,
        null,
        1,
        null,
        1,
        1,
        null,
        null,
        1,
        0,
        null,
        null,
        0,
        0,
        0,
        null,
        0,
        null,
        null,
        null,
        1,
        2,
        null,
        null,
        null,
        1,
        0,
        null,
        null,
        1,
        0,
        null,
        0,
        0,
        null,
        0,
        null,
        null,
        null,
        1,
        0,
        0,
        0,
        null,
        null,
        1,
        null,
        1,
        2,
        null,
        null,
        null,
        1,
        0,
        null,
        null,
        1,
        2,
        0,
        null,
        null,
        null,
        1,
        2,
        0,
        null,
        null,
        null,
        null,
        null
      ],
      "/Users/drewtunney/dev/bit_trade/app/controllers/sessions_controller.rb": [
        1,
        null,
        1,
        1,
        null,
        null,
        1,
        null,
        1,
        null,
        null,
        null,
        1,
        null,
        null,
        1,
        null,
        null,
        1,
        null,
        null,
        null,
        0,
        0,
        null,
        null,
        null,
        1,
        1,
        1,
        null,
        null,
        null,
        null,
        null
      ]
    },
    "timestamp": 1393931733
  }
}
